  Circle.cpp
D:\Study\C++\HW\19.09.23\ShapeDrawingBuilding\ShapeDrawingBuilding\Rectangle.h(4,12): error C2504: 'Shape': base class undefined
D:\Study\C++\HW\19.09.23\ShapeDrawingBuilding\ShapeDrawingBuilding\Rectangle.h(11,15): error C2061: syntax error: identifier 'string'
D:\Study\C++\HW\19.09.23\ShapeDrawingBuilding\ShapeDrawingBuilding\Rectangle.h(11,5): error C2535: 'Rectangle::Rectangle(void)': member function already defined or declared
D:\Study\C++\HW\19.09.23\ShapeDrawingBuilding\ShapeDrawingBuilding\Rectangle.h(10,5): message : see declaration of 'Rectangle::Rectangle'
D:\Study\C++\HW\19.09.23\ShapeDrawingBuilding\ShapeDrawingBuilding\Rectangle.h(12,12): error C3668: 'Rectangle::area': method with override specifier 'override' did not override any base class methods
D:\Study\C++\HW\19.09.23\ShapeDrawingBuilding\ShapeDrawingBuilding\Triangle.h(4,12): error C2504: 'Shape': base class undefined
D:\Study\C++\HW\19.09.23\ShapeDrawingBuilding\ShapeDrawingBuilding\Triangle.h(11,14): error C2061: syntax error: identifier 'string'
D:\Study\C++\HW\19.09.23\ShapeDrawingBuilding\ShapeDrawingBuilding\Triangle.h(11,5): error C2535: 'Triangle::Triangle(void)': member function already defined or declared
D:\Study\C++\HW\19.09.23\ShapeDrawingBuilding\ShapeDrawingBuilding\Triangle.h(10,5): message : see declaration of 'Triangle::Triangle'
D:\Study\C++\HW\19.09.23\ShapeDrawingBuilding\ShapeDrawingBuilding\Triangle.h(12,12): error C3668: 'Triangle::area': method with override specifier 'override' did not override any base class methods
  Rectangle.cpp
D:\Study\C++\HW\19.09.23\ShapeDrawingBuilding\ShapeDrawingBuilding\Circle.h(4,12): error C2504: 'Shape': base class undefined
D:\Study\C++\HW\19.09.23\ShapeDrawingBuilding\ShapeDrawingBuilding\Circle.h(10,12): error C2061: syntax error: identifier 'string'
D:\Study\C++\HW\19.09.23\ShapeDrawingBuilding\ShapeDrawingBuilding\Circle.h(10,5): error C2535: 'Circle::Circle(void)': member function already defined or declared
D:\Study\C++\HW\19.09.23\ShapeDrawingBuilding\ShapeDrawingBuilding\Circle.h(9,5): message : see declaration of 'Circle::Circle'
D:\Study\C++\HW\19.09.23\ShapeDrawingBuilding\ShapeDrawingBuilding\Circle.h(11,12): error C3668: 'Circle::area': method with override specifier 'override' did not override any base class methods
D:\Study\C++\HW\19.09.23\ShapeDrawingBuilding\ShapeDrawingBuilding\Triangle.h(4,12): error C2504: 'Shape': base class undefined
D:\Study\C++\HW\19.09.23\ShapeDrawingBuilding\ShapeDrawingBuilding\Triangle.h(11,14): error C2061: syntax error: identifier 'string'
D:\Study\C++\HW\19.09.23\ShapeDrawingBuilding\ShapeDrawingBuilding\Triangle.h(11,5): error C2535: 'Triangle::Triangle(void)': member function already defined or declared
D:\Study\C++\HW\19.09.23\ShapeDrawingBuilding\ShapeDrawingBuilding\Triangle.h(10,5): message : see declaration of 'Triangle::Triangle'
D:\Study\C++\HW\19.09.23\ShapeDrawingBuilding\ShapeDrawingBuilding\Triangle.h(12,12): error C3668: 'Triangle::area': method with override specifier 'override' did not override any base class methods
  Shape.cpp
D:\Study\C++\HW\19.09.23\ShapeDrawingBuilding\ShapeDrawingBuilding\Circle.h(4,12): error C2504: 'Shape': base class undefined
D:\Study\C++\HW\19.09.23\ShapeDrawingBuilding\ShapeDrawingBuilding\Circle.h(10,12): error C2061: syntax error: identifier 'string'
D:\Study\C++\HW\19.09.23\ShapeDrawingBuilding\ShapeDrawingBuilding\Circle.h(10,5): error C2535: 'Circle::Circle(void)': member function already defined or declared
D:\Study\C++\HW\19.09.23\ShapeDrawingBuilding\ShapeDrawingBuilding\Circle.h(9,5): message : see declaration of 'Circle::Circle'
D:\Study\C++\HW\19.09.23\ShapeDrawingBuilding\ShapeDrawingBuilding\Circle.h(11,12): error C3668: 'Circle::area': method with override specifier 'override' did not override any base class methods
D:\Study\C++\HW\19.09.23\ShapeDrawingBuilding\ShapeDrawingBuilding\Rectangle.h(4,12): error C2504: 'Shape': base class undefined
D:\Study\C++\HW\19.09.23\ShapeDrawingBuilding\ShapeDrawingBuilding\Rectangle.h(11,15): error C2061: syntax error: identifier 'string'
D:\Study\C++\HW\19.09.23\ShapeDrawingBuilding\ShapeDrawingBuilding\Rectangle.h(11,5): error C2535: 'Rectangle::Rectangle(void)': member function already defined or declared
D:\Study\C++\HW\19.09.23\ShapeDrawingBuilding\ShapeDrawingBuilding\Rectangle.h(10,5): message : see declaration of 'Rectangle::Rectangle'
D:\Study\C++\HW\19.09.23\ShapeDrawingBuilding\ShapeDrawingBuilding\Rectangle.h(12,12): error C3668: 'Rectangle::area': method with override specifier 'override' did not override any base class methods
D:\Study\C++\HW\19.09.23\ShapeDrawingBuilding\ShapeDrawingBuilding\Triangle.h(4,12): error C2504: 'Shape': base class undefined
D:\Study\C++\HW\19.09.23\ShapeDrawingBuilding\ShapeDrawingBuilding\Triangle.h(11,14): error C2061: syntax error: identifier 'string'
D:\Study\C++\HW\19.09.23\ShapeDrawingBuilding\ShapeDrawingBuilding\Triangle.h(11,5): error C2535: 'Triangle::Triangle(void)': member function already defined or declared
D:\Study\C++\HW\19.09.23\ShapeDrawingBuilding\ShapeDrawingBuilding\Triangle.h(10,5): message : see declaration of 'Triangle::Triangle'
D:\Study\C++\HW\19.09.23\ShapeDrawingBuilding\ShapeDrawingBuilding\Triangle.h(12,12): error C3668: 'Triangle::area': method with override specifier 'override' did not override any base class methods
  ShapeDrawingBuilding.cpp
D:\Study\C++\HW\19.09.23\ShapeDrawingBuilding\ShapeDrawingBuilding\Circle.h(4,12): error C2504: 'Shape': base class undefined
D:\Study\C++\HW\19.09.23\ShapeDrawingBuilding\ShapeDrawingBuilding\Circle.h(10,12): error C2061: syntax error: identifier 'string'
D:\Study\C++\HW\19.09.23\ShapeDrawingBuilding\ShapeDrawingBuilding\Circle.h(10,5): error C2535: 'Circle::Circle(void)': member function already defined or declared
D:\Study\C++\HW\19.09.23\ShapeDrawingBuilding\ShapeDrawingBuilding\Circle.h(9,5): message : see declaration of 'Circle::Circle'
D:\Study\C++\HW\19.09.23\ShapeDrawingBuilding\ShapeDrawingBuilding\Circle.h(11,12): error C3668: 'Circle::area': method with override specifier 'override' did not override any base class methods
D:\Study\C++\HW\19.09.23\ShapeDrawingBuilding\ShapeDrawingBuilding\Rectangle.h(4,12): error C2504: 'Shape': base class undefined
D:\Study\C++\HW\19.09.23\ShapeDrawingBuilding\ShapeDrawingBuilding\Rectangle.h(11,15): error C2061: syntax error: identifier 'string'
D:\Study\C++\HW\19.09.23\ShapeDrawingBuilding\ShapeDrawingBuilding\Rectangle.h(11,5): error C2535: 'Rectangle::Rectangle(void)': member function already defined or declared
D:\Study\C++\HW\19.09.23\ShapeDrawingBuilding\ShapeDrawingBuilding\Rectangle.h(10,5): message : see declaration of 'Rectangle::Rectangle'
D:\Study\C++\HW\19.09.23\ShapeDrawingBuilding\ShapeDrawingBuilding\Rectangle.h(12,12): error C3668: 'Rectangle::area': method with override specifier 'override' did not override any base class methods
D:\Study\C++\HW\19.09.23\ShapeDrawingBuilding\ShapeDrawingBuilding\Triangle.h(4,12): error C2504: 'Shape': base class undefined
D:\Study\C++\HW\19.09.23\ShapeDrawingBuilding\ShapeDrawingBuilding\Triangle.h(11,14): error C2061: syntax error: identifier 'string'
D:\Study\C++\HW\19.09.23\ShapeDrawingBuilding\ShapeDrawingBuilding\Triangle.h(11,5): error C2535: 'Triangle::Triangle(void)': member function already defined or declared
D:\Study\C++\HW\19.09.23\ShapeDrawingBuilding\ShapeDrawingBuilding\Triangle.h(10,5): message : see declaration of 'Triangle::Triangle'
D:\Study\C++\HW\19.09.23\ShapeDrawingBuilding\ShapeDrawingBuilding\Triangle.h(12,12): error C3668: 'Triangle::area': method with override specifier 'override' did not override any base class methods
D:\Study\C++\HW\19.09.23\ShapeDrawingBuilding\ShapeDrawingBuilding\ShapeDrawingBuilding.cpp(11,28): error C2661: 'Circle::Circle': no overloaded function takes 2 arguments
D:\Study\C++\HW\19.09.23\ShapeDrawingBuilding\ShapeDrawingBuilding\ShapeDrawingBuilding.cpp(11,28): message : while trying to match the argument list '(const char [7], int)'
D:\Study\C++\HW\19.09.23\ShapeDrawingBuilding\ShapeDrawingBuilding\ShapeDrawingBuilding.cpp(11,16): error C2440: 'initializing': cannot convert from 'Circle *' to 'Shape *'
D:\Study\C++\HW\19.09.23\ShapeDrawingBuilding\ShapeDrawingBuilding\ShapeDrawingBuilding.cpp(11,16): message : Types pointed to are unrelated; conversion requires reinterpret_cast, C-style cast or parenthesized function-style cast
  Triangle.cpp
D:\Study\C++\HW\19.09.23\ShapeDrawingBuilding\ShapeDrawingBuilding\Circle.h(4,12): error C2504: 'Shape': base class undefined
D:\Study\C++\HW\19.09.23\ShapeDrawingBuilding\ShapeDrawingBuilding\Circle.h(10,12): error C2061: syntax error: identifier 'string'
D:\Study\C++\HW\19.09.23\ShapeDrawingBuilding\ShapeDrawingBuilding\Circle.h(10,5): error C2535: 'Circle::Circle(void)': member function already defined or declared
D:\Study\C++\HW\19.09.23\ShapeDrawingBuilding\ShapeDrawingBuilding\Circle.h(9,5): message : see declaration of 'Circle::Circle'
D:\Study\C++\HW\19.09.23\ShapeDrawingBuilding\ShapeDrawingBuilding\Circle.h(11,12): error C3668: 'Circle::area': method with override specifier 'override' did not override any base class methods
D:\Study\C++\HW\19.09.23\ShapeDrawingBuilding\ShapeDrawingBuilding\Rectangle.h(4,12): error C2504: 'Shape': base class undefined
D:\Study\C++\HW\19.09.23\ShapeDrawingBuilding\ShapeDrawingBuilding\Rectangle.h(11,15): error C2061: syntax error: identifier 'string'
D:\Study\C++\HW\19.09.23\ShapeDrawingBuilding\ShapeDrawingBuilding\Rectangle.h(11,5): error C2535: 'Rectangle::Rectangle(void)': member function already defined or declared
D:\Study\C++\HW\19.09.23\ShapeDrawingBuilding\ShapeDrawingBuilding\Rectangle.h(10,5): message : see declaration of 'Rectangle::Rectangle'
D:\Study\C++\HW\19.09.23\ShapeDrawingBuilding\ShapeDrawingBuilding\Rectangle.h(12,12): error C3668: 'Rectangle::area': method with override specifier 'override' did not override any base class methods
  Generating Code...
